Added Pin To Net: NetName=VCC Pin=FUCKINGBIGLCD-P6
Added Pin To Net: NetName=GND Pin=FUCKINGBIGLCD-P18
Added Pin To Net: NetName=NetFUCKINGBIGLCD_P9 Pin=FUCKINGBIGLCD-P9
Added Net: Name=NetFUCKINGBIGLCD_P9
Added Pin To Net: NetName=NetFUCKINGBIGLCD_P10 Pin=FUCKINGBIGLCD-P10
Added Pin To Net: NetName=NetFUCKINGBIGLCD_P10 Pin=U$1-2
Added Net: Name=NetFUCKINGBIGLCD_P10
Added Pin To Net: NetName=NetFUCKINGBIGLCD_P11 Pin=FUCKINGBIGLCD-P11
Added Pin To Net: NetName=NetFUCKINGBIGLCD_P11 Pin=U$1-14/A0
Added Net: Name=NetFUCKINGBIGLCD_P11
Added Pin To Net: NetName=NetFUCKINGBIGLCD_P12 Pin=FUCKINGBIGLCD-P12
Added Pin To Net: NetName=NetFUCKINGBIGLCD_P12 Pin=U$1-7
Added Net: Name=NetFUCKINGBIGLCD_P12
Added Pin To Net: NetName=NetFUCKINGBIGLCD_P13 Pin=FUCKINGBIGLCD-P13
Added Pin To Net: NetName=NetFUCKINGBIGLCD_P13 Pin=U$1-8
Added Net: Name=NetFUCKINGBIGLCD_P13
Added Pin To Net: NetName=NetFUCKINGBIGLCD_P14 Pin=FUCKINGBIGLCD-P14
Added Pin To Net: NetName=NetFUCKINGBIGLCD_P14 Pin=U$1-6
Added Net: Name=NetFUCKINGBIGLCD_P14
Added Pin To Net: NetName=NetFUCKINGBIGLCD_P15 Pin=FUCKINGBIGLCD-P15
Added Pin To Net: NetName=NetFUCKINGBIGLCD_P15 Pin=U$1-20/A6
Added Net: Name=NetFUCKINGBIGLCD_P15
Added Pin To Net: NetName=NetFUCKINGBIGLCD_P16 Pin=FUCKINGBIGLCD-P16
Added Pin To Net: NetName=NetFUCKINGBIGLCD_P16 Pin=U$1-21/A7
Added Net: Name=NetFUCKINGBIGLCD_P16
Added Pin To Net: NetName=NetFUCKINGBIGLCD_P17 Pin=FUCKINGBIGLCD-P17
Added Pin To Net: NetName=NetFUCKINGBIGLCD_P17 Pin=U$1-5
Added Net: Name=NetFUCKINGBIGLCD_P17
